<?xml version="1.0" encoding="UTF-8"?>
<!-- Generated by org.testng.reporters.JUnitReportReporter -->
<testsuite hostname="LP20522" failures="0" tests="1" name="cucumberOptions.TestNGTestRunner" time="11.248" errors="0" timestamp="2022-03-17T09:08:50 NZDT" skipped="0">
  <testcase classname="cucumberOptions.TestNGTestRunner" name="runScenario" time="11.248"/>
  <system-out/>
</testsuite> <!-- cucumberOptions.TestNGTestRunner -->
